#
# A fatal error has been detected by the Java Runtime Environment:
#
#  EXCEPTION_ACCESS_VIOLATION (0xc0000005) at pc=0x00007ff8a0539a7a, pid=4040, tid=6208
#
# JRE version: Java(TM) SE Runtime Environment (8.0-b132) (build 1.8.0-b132)
# Java VM: Java HotSpot(TM) 64-Bit Server VM (25.0-b70 mixed mode windows-amd64 compressed oops)
# Problematic frame:
# C  [ntdll.dll+0x39a7a]
#
# Failed to write core dump. Minidumps are not enabled by default on client versions of Windows
#
# If you would like to submit a bug report, please visit:
#   http://bugreport.sun.com/bugreport/crash.jsp
# The crash happened outside the Java Virtual Machine in native code.
# See problematic frame for where to report the bug.
#

---------------  T H R E A D  ---------------

Current thread (0x0000000015eea000):  JavaThread "Thread-2" [_thread_in_native, id=6208, stack(0x00000000183b0000,0x00000000184b0000)]

siginfo: ExceptionCode=0xc0000005, writing address 0x0000000000000024

Registers:
RAX=0x0000000000000000, RBX=0x00000000003db0c8, RCX=0x00000000fffffffc, RDX=0x000000000000040c
RSP=0x00000000184aed20, RBP=0x00007ff637130000, RSI=0x000000000000040c, RDI=0x0000000000000000
R8 =0xffffffffffffffff, R9 =0x00007ff637130000, R10=0x0000000000000000, R11=0x0000000000000246
R12=0x0000000000000000, R13=0x0000000000000000, R14=0x0000000000000000, R15=0x0000000000000000
RIP=0x00007ff8a0539a7a, EFLAGS=0x0000000000010213

Top of Stack: (sp=0x00000000184aed20)
0x00000000184aed20:   000000000000040c 0000000015eea000
0x00000000184aed30:   00000000184aefc0 0000000013ffd870
0x00000000184aed40:   0000000000000000 0000000015eea1e0
0x00000000184aed50:   00000000184aee48 0000000015eea000
0x00000000184aed60:   0000000000000000 000000006e9653a1
0x00000000184aed70:   0000000000000058 0000000000000000
0x00000000184aed80:   00000000184aee20 0000000001ed6d00
0x00000000184aed90:   0000000015eea000 00000000000001e0
0x00000000184aeda0:   0000d78e2ffdb747 000000000000000e
0x00000000184aedb0:   0000000000000004 0000000000000001
0x00000000184aedc0:   0000000013ffd870 000000007ffe0372
0x00000000184aedd0:   0000000000000000 0000000000000000
0x00000000184aede0:   00007ff637130000 00007ff8a0538374
0x00000000184aedf0:   0000000015eea000 00000000184aec90
0x00000000184aee00:   00000000003db0c8 000000006e5d7937
0x00000000184aee10:   0000000000000000 0000000000000000 

Instructions: (pc=0x00007ff8a0539a7a)
0x00007ff8a0539a5a:   a8 01 0f 85 e0 00 00 00 8b c8 41 2b ce f0 0f b1
0x00007ff8a0539a6a:   4b 08 75 e9 48 8b 03 45 33 f6 48 83 f8 ff 74 03
0x00007ff8a0539a7a:   ff 40 24 41 bf 82 03 fe 7f 41 8a 0f 84 c9 0f 85
0x00007ff8a0539a8a:   8c 35 07 00 48 83 fe ff 0f 84 e1 35 07 00 4c 8b 


Register to memory mapping:

RAX=0x0000000000000000 is an unknown value
RBX=0x00000000003db0c8 is an unknown value
RCX=0x00000000fffffffc is an unallocated location in the heap
RDX=0x000000000000040c is an unknown value
RSP=0x00000000184aed20 is pointing into the stack for thread: 0x0000000015eea000
RBP=0x00007ff637130000 is an unknown value
RSI=0x000000000000040c is an unknown value
RDI=0x0000000000000000 is an unknown value
R8 =0xffffffffffffffff is an unknown value
R9 =0x00007ff637130000 is an unknown value
R10=0x0000000000000000 is an unknown value
R11=0x0000000000000246 is an unknown value
R12=0x0000000000000000 is an unknown value
R13=0x0000000000000000 is an unknown value
R14=0x0000000000000000 is an unknown value
R15=0x0000000000000000 is an unknown value


Stack: [0x00000000183b0000,0x00000000184b0000],  sp=0x00000000184aed20,  free space=1019k
Native frames: (J=compiled Java code, j=interpreted, Vv=VM code, C=native code)
C  [ntdll.dll+0x39a7a]
C  [ntdll.dll+0x38374]
C  0x00007ff882d15c38

Java frames: (J=compiled Java code, j=interpreted, Vv=VM code)
j  sun.java2d.d3d.D3DSurfaceData.initOps(III)V+0
j  sun.java2d.d3d.D3DSurfaceData.<init>(Lsun/awt/windows/WComponentPeer;Lsun/java2d/d3d/D3DGraphicsConfig;IILjava/awt/Image;Ljava/awt/image/ColorModel;IILsun/java2d/pipe/hw/ExtendedBufferCapabilities$VSyncType;I)V+76
j  sun.java2d.d3d.D3DSurfaceData.createData(Lsun/awt/windows/WComponentPeer;Ljava/awt/Image;)Lsun/java2d/d3d/D3DSurfaceData;+117
j  sun.java2d.d3d.D3DVolatileSurfaceManager.initAcceleratedSurface()Lsun/java2d/SurfaceData;+59
j  sun.awt.image.VolatileSurfaceManager.validate(Ljava/awt/GraphicsConfiguration;)I+41
j  sun.awt.image.SunVolatileImage.validate(Ljava/awt/GraphicsConfiguration;)I+5
j  java.awt.Component$FlipBufferStrategy.revalidate(Z)V+82
j  java.awt.Component$FlipBufferStrategy.revalidate()V+2
j  java.awt.Component$FlipBufferStrategy.getDrawGraphics()Ljava/awt/Graphics;+1
J 156 C2 graphics.Game.render()V (112 bytes) @ 0x0000000002037fb4 [0x0000000002037f60+0x54]
J 198% C2 graphics.Game.run()V (137 bytes) @ 0x00000000020502f8 [0x00000000020501e0+0x118]
j  java.lang.Thread.run()V+11
v  ~StubRoutines::call_stub

---------------  P R O C E S S  ---------------

Java Threads: ( => current thread )
  0x0000000001dd0800 JavaThread "DestroyJavaVM" [_thread_blocked, id=6428, stack(0x0000000001be0000,0x0000000001ce0000)]
=>0x0000000015eea000 JavaThread "Thread-2" [_thread_in_native, id=6208, stack(0x00000000183b0000,0x00000000184b0000)]
  0x0000000015edd800 JavaThread "AWT-EventQueue-0" [_thread_blocked, id=880, stack(0x00000000181b0000,0x00000000182b0000)]
  0x0000000015e23000 JavaThread "AWT-Shutdown" [_thread_blocked, id=7068, stack(0x0000000016700000,0x0000000016800000)]
  0x0000000015e2f000 JavaThread "Java2D Disposer" daemon [_thread_blocked, id=6476, stack(0x0000000016600000,0x0000000016700000)]
  0x0000000015d1c800 JavaThread "Service Thread" daemon [_thread_blocked, id=3488, stack(0x0000000016110000,0x0000000016210000)]
  0x00000000144a6800 JavaThread "C1 CompilerThread2" daemon [_thread_blocked, id=1828, stack(0x0000000015c10000,0x0000000015d10000)]
  0x00000000144a3000 JavaThread "C2 CompilerThread1" daemon [_thread_blocked, id=392, stack(0x0000000015b10000,0x0000000015c10000)]
  0x000000001449c800 JavaThread "C2 CompilerThread0" daemon [_thread_blocked, id=1484, stack(0x0000000015a10000,0x0000000015b10000)]
  0x000000001449b800 JavaThread "Attach Listener" daemon [_thread_blocked, id=6712, stack(0x0000000015910000,0x0000000015a10000)]
  0x000000001449b000 JavaThread "Signal Dispatcher" daemon [_thread_blocked, id=7108, stack(0x0000000015810000,0x0000000015910000)]
  0x0000000001ec3000 JavaThread "Finalizer" daemon [_thread_blocked, id=4932, stack(0x0000000015710000,0x0000000015810000)]
  0x0000000014468800 JavaThread "Reference Handler" daemon [_thread_blocked, id=7152, stack(0x0000000015610000,0x0000000015710000)]

Other Threads:
  0x0000000014464800 VMThread [stack: 0x0000000015510000,0x0000000015610000] [id=4420]
  0x0000000015d3a800 WatcherThread [stack: 0x0000000016210000,0x0000000016310000] [id=6704]

VM state:not at safepoint (normal execution)

VM Mutex/Monitor currently owned by a thread: None

Heap:
 PSYoungGen      total 1536K, used 586K [0x00000000eb400000, 0x00000000eb600000, 0x0000000100000000)
  eden space 1024K, 10% used [0x00000000eb400000,0x00000000eb41aaa8,0x00000000eb500000)
  from space 512K, 93% used [0x00000000eb580000,0x00000000eb5f8020,0x00000000eb600000)
  to   space 512K, 0% used [0x00000000eb500000,0x00000000eb500000,0x00000000eb580000)
 ParOldGen       total 64000K, used 6123K [0x00000000c1c00000, 0x00000000c5a80000, 0x00000000eb400000)
  object space 64000K, 9% used [0x00000000c1c00000,0x00000000c21fafb8,0x00000000c5a80000)
 Metaspace       used 7615K, capacity 7734K, committed 7936K, reserved 1056768K
  class space    used 925K, capacity 974K, committed 1024K, reserved 1048576K

Card table byte_map: [0x0000000011290000,0x0000000011490000] byte_map_base: 0x0000000010c82000

Marking Bits: (ParMarkBitMap*) 0x000000006efd13b0
 Begin Bits: [0x00000000119e0000, 0x0000000012970000)
 End Bits:   [0x0000000012970000, 0x0000000013900000)

Polling page: 0x0000000000340000

CodeCache: size=245760Kb used=1605Kb max_used=1605Kb free=244154Kb
 bounds [0x0000000001ed0000, 0x0000000002140000, 0x0000000010ed0000]
 total_blobs=674 nmethods=249 adapters=339
 compilation: enabled

Compilation events (10 events):
Event: 2.417 Thread 0x00000000144a6800  245       3       java.util.concurrent.ConcurrentHashMap::get (162 bytes)
Event: 2.418 Thread 0x00000000144a6800 nmethod 245 0x000000000205f510 code [0x000000000205f720, 0x0000000002060278]
Event: 2.432 Thread 0x00000000144a6800  246       3       sun.awt.AWTAutoShutdown::notifyToolkitThreadFree (8 bytes)
Event: 2.433 Thread 0x00000000144a6800 nmethod 246 0x00000000020606d0 code [0x0000000002060840, 0x0000000002060a08]
Event: 2.433 Thread 0x00000000144a6800  247       3       sun.java2d.SunGraphics2D::<init> (175 bytes)
Event: 2.434 Thread 0x00000000144a6800 nmethod 247 0x0000000002060ad0 code [0x0000000002060cc0, 0x0000000002061638]
Event: 2.434 Thread 0x00000000144a6800  248       3       java.awt.Graphics2D::<init> (5 bytes)
Event: 2.434 Thread 0x00000000144a6800 nmethod 248 0x0000000002061990 code [0x0000000002061b00, 0x0000000002061d10]
Event: 2.442 Thread 0x00000000144a6800  249       1       java.util.EventObject::getSource (5 bytes)
Event: 2.442 Thread 0x00000000144a6800 nmethod 249 0x0000000002061e10 code [0x0000000002061f60, 0x0000000002062070]

GC Heap History (8 events):
Event: 0.163 GC heap before
{Heap before GC invocations=1 (full 0):
 PSYoungGen      total 1024K, used 512K [0x00000000eb400000, 0x00000000eb580000, 0x0000000100000000)
  eden space 512K, 100% used [0x00000000eb400000,0x00000000eb480000,0x00000000eb480000)
  from space 512K, 0% used [0x00000000eb500000,0x00000000eb500000,0x00000000eb580000)
  to   space 512K, 0% used [0x00000000eb480000,0x00000000eb480000,0x00000000eb500000)
 ParOldGen       total 64000K, used 0K [0x00000000c1c00000, 0x00000000c5a80000, 0x00000000eb400000)
  object space 64000K, 0% used [0x00000000c1c00000,0x00000000c1c00000,0x00000000c5a80000)
 Metaspace       used 2944K, capacity 4522K, committed 4864K, reserved 1056768K
  class space    used 327K, capacity 418K, committed 512K, reserved 1048576K
Event: 0.164 GC heap after
Heap after GC invocations=1 (full 0):
 PSYoungGen      total 1024K, used 432K [0x00000000eb400000, 0x00000000eb580000, 0x0000000100000000)
  eden space 512K, 0% used [0x00000000eb400000,0x00000000eb400000,0x00000000eb480000)
  from space 512K, 84% used [0x00000000eb480000,0x00000000eb4ec010,0x00000000eb500000)
  to   space 512K, 0% used [0x00000000eb500000,0x00000000eb500000,0x00000000eb580000)
 ParOldGen       total 64000K, used 8K [0x00000000c1c00000, 0x00000000c5a80000, 0x00000000eb400000)
  object space 64000K, 0% used [0x00000000c1c00000,0x00000000c1c02000,0x00000000c5a80000)
 Metaspace       used 2944K, capacity 4522K, committed 4864K, reserved 1056768K
  class space    used 327K, capacity 418K, committed 512K, reserved 1048576K
}
Event: 0.251 GC heap before
{Heap before GC invocations=2 (full 0):
 PSYoungGen      total 1024K, used 944K [0x00000000eb400000, 0x00000000eb580000, 0x0000000100000000)
  eden space 512K, 100% used [0x00000000eb400000,0x00000000eb480000,0x00000000eb480000)
  from space 512K, 84% used [0x00000000eb480000,0x00000000eb4ec010,0x00000000eb500000)
  to   space 512K, 0% used [0x00000000eb500000,0x00000000eb500000,0x00000000eb580000)
 ParOldGen       total 64000K, used 8K [0x00000000c1c00000, 0x00000000c5a80000, 0x00000000eb400000)
  object space 64000K, 0% used [0x00000000c1c00000,0x00000000c1c02000,0x00000000c5a80000)
 Metaspace       used 5110K, capacity 5218K, committed 5376K, reserved 1056768K
  class space    used 594K, capacity 650K, committed 768K, reserved 1048576K
Event: 0.252 GC heap after
Heap after GC invocations=2 (full 0):
 PSYoungGen      total 1024K, used 496K [0x00000000eb400000, 0x00000000eb600000, 0x0000000100000000)
  eden space 512K, 0% used [0x00000000eb400000,0x00000000eb400000,0x00000000eb480000)
  from space 512K, 96% used [0x00000000eb500000,0x00000000eb57c010,0x00000000eb580000)
  to   space 512K, 0% used [0x00000000eb480000,0x00000000eb480000,0x00000000eb500000)
 ParOldGen       total 64000K, used 208K [0x00000000c1c00000, 0x00000000c5a80000, 0x00000000eb400000)
  object space 64000K, 0% used [0x00000000c1c00000,0x00000000c1c34000,0x00000000c5a80000)
 Metaspace       used 5110K, capacity 5218K, committed 5376K, reserved 1056768K
  class space    used 594K, capacity 650K, committed 768K, reserved 1048576K
}
Event: 0.324 GC heap before
{Heap before GC invocations=3 (full 0):
 PSYoungGen      total 1024K, used 1008K [0x00000000eb400000, 0x00000000eb600000, 0x0000000100000000)
  eden space 512K, 100% used [0x00000000eb400000,0x00000000eb480000,0x00000000eb480000)
  from space 512K, 96% used [0x00000000eb500000,0x00000000eb57c010,0x00000000eb580000)
  to   space 512K, 0% used [0x00000000eb480000,0x00000000eb480000,0x00000000eb500000)
 ParOldGen       total 64000K, used 2908K [0x00000000c1c00000, 0x00000000c5a80000, 0x00000000eb400000)
  object space 64000K, 4% used [0x00000000c1c00000,0x00000000c1ed7020,0x00000000c5a80000)
 Metaspace       used 6399K, capacity 6472K, committed 6784K, reserved 1056768K
  class space    used 771K, capacity 812K, committed 896K, reserved 1048576K
Event: 0.326 GC heap after
Heap after GC invocations=3 (full 0):
 PSYoungGen      total 1024K, used 496K [0x00000000eb400000, 0x00000000eb600000, 0x0000000100000000)
  eden space 512K, 0% used [0x00000000eb400000,0x00000000eb400000,0x00000000eb480000)
  from space 512K, 96% used [0x00000000eb480000,0x00000000eb4fc010,0x00000000eb500000)
  to   space 512K, 0% used [0x00000000eb580000,0x00000000eb580000,0x00000000eb600000)
 ParOldGen       total 64000K, used 3268K [0x00000000c1c00000, 0x00000000c5a80000, 0x00000000eb400000)
  object space 64000K, 5% used [0x00000000c1c00000,0x00000000c1f31020,0x00000000c5a80000)
 Metaspace       used 6399K, capacity 6472K, committed 6784K, reserved 1056768K
  class space    used 771K, capacity 812K, committed 896K, reserved 1048576K
}
Event: 1.617 GC heap before
{Heap before GC invocations=4 (full 0):
 PSYoungGen      total 1024K, used 1007K [0x00000000eb400000, 0x00000000eb600000, 0x0000000100000000)
  eden space 512K, 99% used [0x00000000eb400000,0x00000000eb47ffd8,0x00000000eb480000)
  from space 512K, 96% used [0x00000000eb480000,0x00000000eb4fc010,0x00000000eb500000)
  to   space 512K, 0% used [0x00000000eb580000,0x00000000eb580000,0x00000000eb600000)
 ParOldGen       total 64000K, used 5875K [0x00000000c1c00000, 0x00000000c5a80000, 0x00000000eb400000)
  object space 64000K, 9% used [0x00000000c1c00000,0x00000000c21bcfb8,0x00000000c5a80000)
 Metaspace       used 7593K, capacity 7670K, committed 7936K, reserved 1056768K
  class space    used 925K, capacity 974K, committed 1024K, reserved 1048576K
Event: 1.619 GC heap after
Heap after GC invocations=4 (full 0):
 PSYoungGen      total 1536K, used 480K [0x00000000eb400000, 0x00000000eb600000, 0x0000000100000000)
  eden space 1024K, 0% used [0x00000000eb400000,0x00000000eb400000,0x00000000eb500000)
  from space 512K, 93% used [0x00000000eb580000,0x00000000eb5f8020,0x00000000eb600000)
  to   space 512K, 0% used [0x00000000eb500000,0x00000000eb500000,0x00000000eb580000)
 ParOldGen       total 64000K, used 6123K [0x00000000c1c00000, 0x00000000c5a80000, 0x00000000eb400000)
  object space 64000K, 9% used [0x00000000c1c00000,0x00000000c21fafb8,0x00000000c5a80000)
 Metaspace       used 7593K, capacity 7670K, committed 7936K, reserved 1056768K
  class space    used 925K, capacity 974K, committed 1024K, reserved 1048576K
}

Deoptimization events (2 events):
Event: 0.434 Thread 0x0000000015eea000 Uncommon trap: reason=unloaded action=reinterpret pc=0x0000000002033a6c method=graphics.Game.render()V @ 89
Event: 1.365 Thread 0x0000000015eea000 Uncommon trap: reason=unloaded action=reinterpret pc=0x00000000020374bc method=graphics.Game.run()V @ 91

Internal exceptions (10 events):
Event: 0.169 Thread 0x0000000001dd0800 Exception <a 'java/security/PrivilegedActionException'> (0x00000000eb408d08) thrown at [D:\re\workspace\8-2-build-windows-amd64-cygwin\jdk8\2238\hotspot\src\share\vm\prims\jvm.cpp, line 1248]
Event: 0.175 Thread 0x0000000001dd0800 Exception <a 'java/io/FileNotFoundException'> (0x00000000eb40cd48) thrown at [D:\re\workspace\8-2-build-windows-amd64-cygwin\jdk8\2238\hotspot\src\share\vm\prims\jni.cpp, line 716]
Event: 0.203 Thread 0x0000000001dd0800 Exception <a 'java/io/FileNotFoundException'> (0x00000000eb42c878) thrown at [D:\re\workspace\8-2-build-windows-amd64-cygwin\jdk8\2238\hotspot\src\share\vm\prims\jni.cpp, line 716]
Event: 0.250 Thread 0x0000000001dd0800 Exception <a 'java/security/PrivilegedActionException'> (0x00000000eb47a780) thrown at [D:\re\workspace\8-2-build-windows-amd64-cygwin\jdk8\2238\hotspot\src\share\vm\prims\jvm.cpp, line 1248]
Event: 0.250 Thread 0x0000000001dd0800 Exception <a 'java/security/PrivilegedActionException'> (0x00000000eb47b840) thrown at [D:\re\workspace\8-2-build-windows-amd64-cygwin\jdk8\2238\hotspot\src\share\vm\prims\jvm.cpp, line 1248]
Event: 0.251 Thread 0x0000000001dd0800 Exception <a 'java/security/PrivilegedActionException'> (0x00000000eb47fdb8) thrown at [D:\re\workspace\8-2-build-windows-amd64-cygwin\jdk8\2238\hotspot\src\share\vm\prims\jvm.cpp, line 1248]
Event: 0.253 Thread 0x0000000001dd0800 Exception <a 'java/security/PrivilegedActionException'> (0x00000000eb400e80) thrown at [D:\re\workspace\8-2-build-windows-amd64-cygwin\jdk8\2238\hotspot\src\share\vm\prims\jvm.cpp, line 1248]
Event: 0.296 Thread 0x0000000001dd0800 Exception <a 'java/security/PrivilegedActionException'> (0x00000000eb4514c0) thrown at [D:\re\workspace\8-2-build-windows-amd64-cygwin\jdk8\2238\hotspot\src\share\vm\prims\jvm.cpp, line 1248]
Event: 1.388 Thread 0x0000000015eea000 Exception <a 'java/security/PrivilegedActionException'> (0x00000000eb474b20) thrown at [D:\re\workspace\8-2-build-windows-amd64-cygwin\jdk8\2238\hotspot\src\share\vm\prims\jvm.cpp, line 1248]
Event: 1.388 Thread 0x0000000015eea000 Exception <a 'java/security/PrivilegedActionException'> (0x00000000eb475d40) thrown at [D:\re\workspace\8-2-build-windows-amd64-cygwin\jdk8\2238\hotspot\src\share\vm\prims\jvm.cpp, line 1248]

Events (10 events):
Event: 1.391 loading class java/util/Formattable done
Event: 1.617 Executing VM operation: ParallelGCFailedAllocation
Event: 1.619 Executing VM operation: ParallelGCFailedAllocation done
Event: 2.442 Thread 0x0000000015f9c000 Thread added: 0x0000000015f9c000
Event: 2.442 Thread 0x0000000015f9d000 Thread added: 0x0000000015f9d000
Event: 2.443 Thread 0x0000000015f9d000 Thread exited: 0x0000000015f9d000
Event: 2.443 Thread 0x0000000015eec800 Thread exited: 0x0000000015eec800
Event: 2.443 loading class sun/java2d/pipe/hw/AccelDeviceEventNotifier
Event: 2.443 loading class sun/java2d/pipe/hw/AccelDeviceEventNotifier done
Event: 2.455 Thread 0x0000000015e34000 Thread exited: 0x0000000015e34000


Dynamic libraries:
0x00007ff637460000 - 0x00007ff637494000 	C:\Program Files\Java\jre8\bin\javaw.exe
0x00007ff8a0500000 - 0x00007ff8a06a6000 	C:\WINDOWS\SYSTEM32\ntdll.dll
0x00007ff89f1f0000 - 0x00007ff89f32a000 	C:\WINDOWS\system32\KERNEL32.DLL
0x00007ff89c900000 - 0x00007ff89ca0f000 	C:\WINDOWS\system32\KERNELBASE.dll
0x00007ff89b460000 - 0x00007ff89b4e8000 	C:\WINDOWS\system32\apphelp.dll
0x00007ff88bcd0000 - 0x00007ff88bd1f000 	C:\WINDOWS\AppPatch\AppPatch64\AcGenral.DLL
0x00007ff89d450000 - 0x00007ff89d4f7000 	C:\WINDOWS\system32\msvcrt.dll
0x00007ff89c610000 - 0x00007ff89c63b000 	C:\WINDOWS\SYSTEM32\SspiCli.dll
0x00007ff89d0d0000 - 0x00007ff89d121000 	C:\WINDOWS\system32\SHLWAPI.dll
0x00007ff89d170000 - 0x00007ff89d2e1000 	C:\WINDOWS\system32\USER32.dll
0x00007ff89f330000 - 0x00007ff89f4a8000 	C:\WINDOWS\system32\ole32.dll
0x00007ff89d500000 - 0x00007ff89e90f000 	C:\WINDOWS\system32\SHELL32.dll
0x00007ff89c000000 - 0x00007ff89c01e000 	C:\WINDOWS\SYSTEM32\USERENV.dll
0x00007ff89ec30000 - 0x00007ff89ecd5000 	C:\WINDOWS\system32\ADVAPI32.dll
0x00007ff895550000 - 0x00007ff89556b000 	C:\WINDOWS\SYSTEM32\MPR.dll
0x00007ff89ed80000 - 0x00007ff89eeb7000 	C:\WINDOWS\system32\RPCRT4.dll
0x00007ff89cfc0000 - 0x00007ff89d017000 	C:\WINDOWS\SYSTEM32\sechost.dll
0x00007ff89eec0000 - 0x00007ff89f096000 	C:\WINDOWS\SYSTEM32\combase.dll
0x00007ff89f0a0000 - 0x00007ff89f1e4000 	C:\WINDOWS\system32\GDI32.dll
0x00007ff89c830000 - 0x00007ff89c844000 	C:\WINDOWS\SYSTEM32\profapi.dll
0x00007ff89b100000 - 0x00007ff89b19f000 	C:\WINDOWS\SYSTEM32\SHCORE.dll
0x00007ff89ed40000 - 0x00007ff89ed74000 	C:\WINDOWS\system32\IMM32.DLL
0x00007ff89e910000 - 0x00007ff89ea49000 	C:\WINDOWS\system32\MSCTF.dll
0x00007ff89aa60000 - 0x00007ff89acba000 	C:\WINDOWS\WinSxS\amd64_microsoft.windows.common-controls_6595b64144ccf1df_6.0.9600.17031_none_6242a4b3ecbb55a1\COMCTL32.dll
0x000000006f050000 - 0x000000006f122000 	C:\Program Files\Java\jre8\bin\msvcr100.dll
0x000000006e820000 - 0x000000006f04a000 	C:\Program Files\Java\jre8\bin\server\jvm.dll
0x00007ff88aa10000 - 0x00007ff88aa19000 	C:\WINDOWS\SYSTEM32\WSOCK32.dll
0x00007ff88fa30000 - 0x00007ff88fa4f000 	C:\WINDOWS\SYSTEM32\WINMM.dll
0x00007ff89d130000 - 0x00007ff89d137000 	C:\WINDOWS\system32\PSAPI.DLL
0x00007ff89ece0000 - 0x00007ff89ed38000 	C:\WINDOWS\system32\WS2_32.dll
0x00007ff88fa00000 - 0x00007ff88fa2a000 	C:\WINDOWS\SYSTEM32\WINMMBASE.dll
0x00007ff89d140000 - 0x00007ff89d149000 	C:\WINDOWS\system32\NSI.dll
0x00007ff89ccf0000 - 0x00007ff89cd3a000 	C:\WINDOWS\SYSTEM32\cfgmgr32.dll
0x00007ff89b6e0000 - 0x00007ff89b706000 	C:\WINDOWS\SYSTEM32\DEVOBJ.dll
0x000000006e810000 - 0x000000006e81f000 	C:\Program Files\Java\jre8\bin\verify.dll
0x000000006e7e0000 - 0x000000006e808000 	C:\Program Files\Java\jre8\bin\java.dll
0x000000006e7c0000 - 0x000000006e7d6000 	C:\Program Files\Java\jre8\bin\zip.dll
0x000000006e5b0000 - 0x000000006e746000 	C:\Program Files\Java\jre8\bin\awt.dll
0x00007ff89d390000 - 0x00007ff89d447000 	C:\WINDOWS\system32\OLEAUT32.dll
0x00007ff89af30000 - 0x00007ff89af50000 	C:\WINDOWS\system32\DWMAPI.DLL
0x00007ff89b530000 - 0x00007ff89b651000 	C:\WINDOWS\system32\uxtheme.dll
0x00007ff88c660000 - 0x00007ff88c6a8000 	C:\Program Files (x86)\TeamViewer\Version9\tv_x64.dll
0x00007ff890060000 - 0x00007ff89006a000 	C:\WINDOWS\SYSTEM32\VERSION.dll
0x00007ff89b6d0000 - 0x00007ff89b6da000 	C:\WINDOWS\SYSTEM32\kernel.appcore.dll
0x00007ff89c700000 - 0x00007ff89c70a000 	C:\WINDOWS\SYSTEM32\CRYPTBASE.dll
0x00007ff89c6a0000 - 0x00007ff89c700000 	C:\WINDOWS\SYSTEM32\bcryptPrimitives.dll
0x000000006e560000 - 0x000000006e5a7000 	C:\Program Files\Java\jre8\bin\fontmanager.dll
0x00007ff88aa80000 - 0x00007ff88ac08000 	C:\WINDOWS\SYSTEM32\dbghelp.dll

VM Arguments:
jvm_args: -Dfile.encoding=Cp1252 
java_command: Application
java_class_path (initial): C:\Users\Floran\Documents\Workspace Eclipse\Game\bin
Launcher Type: SUN_STANDARD

Environment Variables:
PATH=C:\Program Files (x86)\Intel\iCLS Client\;C:\Program Files\Intel\iCLS Client\;C:\WINDOWS\system32;C:\WINDOWS;C:\WINDOWS\System32\Wbem;C:\WINDOWS\System32\WindowsPowerShell\v1.0\;C:\Program Files (x86)\Windows Live\Shared;C:\Program Files\Intel\Intel(R) Management Engine Components\DAL;C:\Program Files\Intel\Intel(R) Management Engine Components\IPT;C:\Program Files (x86)\Intel\Intel(R) Management Engine Components\DAL;C:\Program Files (x86)\Intel\Intel(R) Management Engine Components\IPT;C:\Program Files (x86)\Intel\OpenCL SDK\2.0\bin\x86;C:\Program Files (x86)\Intel\OpenCL SDK\2.0\bin\x64
USERNAME=Floran
OS=Windows_NT
PROCESSOR_IDENTIFIER=Intel64 Family 6 Model 58 Stepping 9, GenuineIntel



---------------  S Y S T E M  ---------------

OS: Windows 8.1 , 64 bit Build 9600 

CPU:total 4 (2 cores per cpu, 2 threads per core) family 6 model 58 stepping 9, cmov, cx8, fxsr, mmx, sse, sse2, sse3, ssse3, sse4.1, sse4.2, popcnt, avx, aes, clmul, erms, ht, tsc, tscinvbit

Memory: 4k page, physical 4077300k(1233140k free), swap 11941620k(6651540k free)

vm_info: Java HotSpot(TM) 64-Bit Server VM (25.0-b70) for windows-amd64 JRE (1.8.0-b132), built on Mar  4 2014 03:46:18 by "java_re" with MS VC++ 10.0 (VS2010)

time: Thu Nov 13 20:32:52 2014
elapsed time: 2 seconds

